This file contains any messages produced by compilers while
running configure, to aid debugging if configure makes a mistake.

It was created by GLPK configure 4.47, which was
generated by GNU Autoconf 2.65.  Invocation command line was

  $ ./configure --prefix=/cs/vml2/gza11/data/sun09/code_learn/toolbox/glpkmex/glpk/output

## --------- ##
## Platform. ##
## --------- ##

hostname = lisa
uname -m = x86_64
uname -r = 2.6.32-220.13.1.el6.x86_64
uname -s = Linux
uname -v = #1 SMP Tue Apr 17 23:56:34 BST 2012

/usr/bin/uname -p = unknown
/bin/uname -X     = unknown

/bin/arch              = x86_64
/usr/bin/arch -k       = unknown
/usr/convex/getsysinfo = unknown
/usr/bin/hostinfo      = unknown
/bin/machine           = unknown
/usr/bin/oslevel       = unknown
/bin/universe          = unknown

PATH: /usr/local-linux/bin
PATH: /usr/lib64/qt-3.3/bin
PATH: /usr/local/bin
PATH: /usr/bin
PATH: /bin
PATH: /usr/bin


## ----------- ##
## Core tests. ##
## ----------- ##

configure:2217: checking for a BSD-compatible install
configure:2285: result: /usr/bin/install -c
configure:2296: checking whether build environment is sane
configure:2346: result: yes
configure:2487: checking for a thread-safe mkdir -p
configure:2526: result: /bin/mkdir -p
configure:2539: checking for gawk
configure:2555: found /usr/bin/gawk
configure:2566: result: gawk
configure:2577: checking whether make sets $(MAKE)
configure:2599: result: yes
configure:2780: checking for gcc
configure:2796: found /usr/bin/gcc
configure:2807: result: gcc
configure:3036: checking for C compiler version
configure:3045: gcc --version >&5
gcc (GCC) 4.4.6 20110731 (Red Hat 4.4.6-3)
Copyright (C) 2010 Free Software Foundation, Inc.
This is free software; see the source for copying conditions.  There is NO
warranty; not even for MERCHANTABILITY or FITNESS FOR A PARTICULAR PURPOSE.

configure:3056: $? = 0
configure:3045: gcc -v >&5
Using built-in specs.
Target: x86_64-redhat-linux
Configured with: ../configure --prefix=/usr --mandir=/usr/share/man --infodir=/usr/share/info --with-bugurl=http://bugzilla.redhat.com/bugzilla --enable-bootstrap --enable-shared --enable-threads=posix --enable-checking=release --with-system-zlib --enable-__cxa_atexit --disable-libunwind-exceptions --enable-gnu-unique-object --enable-languages=c,c++,objc,obj-c++,java,fortran,ada --enable-java-awt=gtk --disable-dssi --with-java-home=/usr/lib/jvm/java-1.5.0-gcj-1.5.0.0/jre --enable-libgcj-multifile --enable-java-maintainer-mode --with-ecj-jar=/usr/share/java/eclipse-ecj.jar --disable-libjava-multilib --with-ppl --with-cloog --with-tune=generic --with-arch_32=i686 --build=x86_64-redhat-linux
Thread model: posix
gcc version 4.4.6 20110731 (Red Hat 4.4.6-3) (GCC) 
configure:3056: $? = 0
configure:3045: gcc -V >&5
gcc: '-V' option must have argument
configure:3056: $? = 1
configure:3045: gcc -qversion >&5
gcc: unrecognized option '-qversion'
gcc: no input files
configure:3056: $? = 1
configure:3076: checking whether the C compiler works
configure:3098: gcc    conftest.c  >&5
configure:3102: $? = 0
configure:3151: result: yes
configure:3154: checking for C compiler default output file name
configure:3156: result: a.out
configure:3162: checking for suffix of executables
configure:3169: gcc -o conftest    conftest.c  >&5
configure:3173: $? = 0
configure:3195: result: 
configure:3217: checking whether we are cross compiling
configure:3225: gcc -o conftest    conftest.c  >&5
configure:3229: $? = 0
configure:3236: ./conftest
configure:3240: $? = 0
configure:3255: result: no
configure:3260: checking for suffix of object files
configure:3282: gcc -c   conftest.c >&5
configure:3286: $? = 0
configure:3307: result: o
configure:3311: checking whether we are using the GNU C compiler
configure:3330: gcc -c   conftest.c >&5
configure:3330: $? = 0
configure:3339: result: yes
configure:3348: checking whether gcc accepts -g
configure:3368: gcc -c -g  conftest.c >&5
configure:3368: $? = 0
configure:3409: result: yes
configure:3426: checking for gcc option to accept ISO C89
configure:3490: gcc  -c -g -O2  conftest.c >&5
configure:3490: $? = 0
configure:3503: result: none needed
configure:3534: checking for style of include used by make
configure:3562: result: GNU
configure:3587: checking dependency style of gcc
configure:3697: result: gcc3
configure:3742: checking build system type
configure:3756: result: x86_64-unknown-linux-gnu
configure:3776: checking host system type
configure:3789: result: x86_64-unknown-linux-gnu
configure:3830: checking how to print strings
configure:3857: result: printf
configure:3878: checking for a sed that does not truncate output
configure:3942: result: /bin/sed
configure:3960: checking for grep that handles long lines and -e
configure:4018: result: /bin/grep
configure:4023: checking for egrep
configure:4085: result: /bin/grep -E
configure:4090: checking for fgrep
configure:4152: result: /bin/grep -F
configure:4187: checking for ld used by gcc
configure:4254: result: /usr/bin/ld
configure:4261: checking if the linker (/usr/bin/ld) is GNU ld
configure:4276: result: yes
configure:4288: checking for BSD- or MS-compatible name lister (nm)
configure:4337: result: /usr/bin/nm -B
configure:4467: checking the name lister (/usr/bin/nm -B) interface
configure:4474: gcc -c -g -O2  conftest.c >&5
configure:4477: /usr/bin/nm -B "conftest.o"
configure:4480: output
0000000000000000 B some_variable
configure:4487: result: BSD nm
configure:4490: checking whether ln -s works
configure:4494: result: yes
configure:4502: checking the maximum length of command line arguments
configure:4627: result: 1966080
configure:4644: checking whether the shell understands some XSI constructs
configure:4654: result: yes
configure:4658: checking whether the shell understands "+="
configure:4664: result: yes
configure:4699: checking how to convert x86_64-unknown-linux-gnu paths to x86_64-unknown-linux-gnu format
configure:4739: result: func_noop_path_convert
configure:4746: checking for /usr/bin/ld option to reload object files
configure:4753: result: -r
configure:4822: checking for objdump
configure:4838: found /usr/bin/objdump
configure:4849: result: objdump
configure:4881: checking how to recognize dependent libraries
configure:5082: result: pass_all
configure:5142: checking for dlltool
configure:5172: result: no
configure:5202: checking how to associate runtime and link libraries
configure:5229: result: printf %s\n
configure:5283: checking for ar
configure:5299: found /usr/bin/ar
configure:5310: result: ar
configure:5388: checking for strip
configure:5404: found /usr/bin/strip
configure:5415: result: strip
configure:5487: checking for ranlib
configure:5503: found /usr/bin/ranlib
configure:5514: result: ranlib
configure:5616: checking command to parse /usr/bin/nm -B output from gcc object
configure:5734: gcc -c -g -O2  conftest.c >&5
configure:5737: $? = 0
configure:5741: /usr/bin/nm -B conftest.o \| sed -n -e 's/^.*[ ]\([ABCDGIRSTW][ABCDGIRSTW]*\)[ ][ ]*\([_A-Za-z][_A-Za-z0-9]*\)$/\1 \2 \2/p' \> conftest.nm
configure:5744: $? = 0
configure:5798: gcc -o conftest -g -O2   conftest.c conftstm.o >&5
configure:5801: $? = 0
configure:5839: result: ok
configure:5935: gcc -c -g -O2  conftest.c >&5
configure:5938: $? = 0
configure:6678: checking how to run the C preprocessor
configure:6709: gcc -E  conftest.c
configure:6709: $? = 0
configure:6723: gcc -E  conftest.c
conftest.c:11:28: error: ac_nonexistent.h: No such file or directory
configure:6723: $? = 1
configure: failed program was:
| /* confdefs.h */
| #define PACKAGE_NAME "GLPK"
| #define PACKAGE_TARNAME "glpk"
| #define PACKAGE_VERSION "4.47"
| #define PACKAGE_STRING "GLPK 4.47"
| #define PACKAGE_BUGREPORT "bug-glpk@gnu.org"
| #define PACKAGE_URL ""
| #define PACKAGE "glpk"
| #define VERSION "4.47"
| /* end confdefs.h.  */
| #include <ac_nonexistent.h>
configure:6748: result: gcc -E
configure:6768: gcc -E  conftest.c
configure:6768: $? = 0
configure:6782: gcc -E  conftest.c
conftest.c:11:28: error: ac_nonexistent.h: No such file or directory
configure:6782: $? = 1
configure: failed program was:
| /* confdefs.h */
| #define PACKAGE_NAME "GLPK"
| #define PACKAGE_TARNAME "glpk"
| #define PACKAGE_VERSION "4.47"
| #define PACKAGE_STRING "GLPK 4.47"
| #define PACKAGE_BUGREPORT "bug-glpk@gnu.org"
| #define PACKAGE_URL ""
| #define PACKAGE "glpk"
| #define VERSION "4.47"
| /* end confdefs.h.  */
| #include <ac_nonexistent.h>
configure:6811: checking for ANSI C header files
configure:6831: gcc -c -g -O2  conftest.c >&5
configure:6831: $? = 0
configure:6904: gcc -o conftest -g -O2   conftest.c  >&5
configure:6904: $? = 0
configure:6904: ./conftest
configure:6904: $? = 0
configure:6915: result: yes
configure:6928: checking for sys/types.h
configure:6928: gcc -c -g -O2  conftest.c >&5
configure:6928: $? = 0
configure:6928: result: yes
configure:6928: checking for sys/stat.h
configure:6928: gcc -c -g -O2  conftest.c >&5
configure:6928: $? = 0
configure:6928: result: yes
configure:6928: checking for stdlib.h
configure:6928: gcc -c -g -O2  conftest.c >&5
configure:6928: $? = 0
configure:6928: result: yes
configure:6928: checking for string.h
configure:6928: gcc -c -g -O2  conftest.c >&5
configure:6928: $? = 0
configure:6928: result: yes
configure:6928: checking for memory.h
configure:6928: gcc -c -g -O2  conftest.c >&5
configure:6928: $? = 0
configure:6928: result: yes
configure:6928: checking for strings.h
configure:6928: gcc -c -g -O2  conftest.c >&5
configure:6928: $? = 0
configure:6928: result: yes
configure:6928: checking for inttypes.h
configure:6928: gcc -c -g -O2  conftest.c >&5
configure:6928: $? = 0
configure:6928: result: yes
configure:6928: checking for stdint.h
configure:6928: gcc -c -g -O2  conftest.c >&5
configure:6928: $? = 0
configure:6928: result: yes
configure:6928: checking for unistd.h
configure:6928: gcc -c -g -O2  conftest.c >&5
configure:6928: $? = 0
configure:6928: result: yes
configure:6943: checking for dlfcn.h
configure:6943: gcc -c -g -O2  conftest.c >&5
configure:6943: $? = 0
configure:6943: result: yes
configure:7130: checking for objdir
configure:7145: result: .libs
configure:7416: checking if gcc supports -fno-rtti -fno-exceptions
configure:7434: gcc -c -g -O2  -fno-rtti -fno-exceptions conftest.c >&5
cc1: warning: command line option "-fno-rtti" is valid for C++/ObjC++ but not for C
configure:7438: $? = 0
configure:7451: result: no
configure:7471: checking for gcc option to produce PIC
configure:7756: result: -fPIC -DPIC
configure:7768: checking if gcc PIC flag -fPIC -DPIC works
configure:7786: gcc -c -g -O2  -fPIC -DPIC -DPIC conftest.c >&5
configure:7790: $? = 0
configure:7803: result: yes
configure:7827: checking if gcc static flag -static works
configure:7855: result: no
configure:7870: checking if gcc supports -c -o file.o
configure:7891: gcc -c -g -O2  -o out/conftest2.o conftest.c >&5
configure:7895: $? = 0
configure:7917: result: yes
configure:7925: checking if gcc supports -c -o file.o
configure:7972: result: yes
configure:8005: checking whether the gcc linker (/usr/bin/ld -m elf_x86_64) supports shared libraries
configure:9081: result: yes
configure:9118: checking whether -lc should be explicitly linked in
configure:9126: gcc -c -g -O2  conftest.c >&5
configure:9129: $? = 0
configure:9144: gcc -shared conftest.o  -v -Wl,-soname -Wl,conftest -o conftest 2\>\&1 \| /bin/grep  -lc  \>/dev/null 2\>\&1
configure:9147: $? = 0
configure:9161: result: no
configure:9326: checking dynamic linker characteristics
configure:9781: gcc -o conftest -g -O2   -Wl,-rpath -Wl,/foo conftest.c  >&5
configure:9781: $? = 0
configure:10003: result: GNU/Linux ld.so
configure:10110: checking how to hardcode library paths into programs
configure:10135: result: immediate
configure:10675: checking whether stripping libraries is possible
configure:10680: result: yes
configure:10715: checking if libtool supports shared libraries
configure:10717: result: yes
configure:10720: checking whether to build shared libraries
configure:10741: result: yes
configure:10744: checking whether to build static libraries
configure:10748: result: yes
configure:10784: checking for exp in -lm
configure:10809: gcc -o conftest -g -O2   conftest.c -lm   >&5
conftest.c:30: warning: conflicting types for built-in function 'exp'
configure:10809: $? = 0
configure:10818: result: yes
configure:10830: checking sys/time.h usability
configure:10830: gcc -c -g -O2  conftest.c >&5
configure:10830: $? = 0
configure:10830: result: yes
configure:10830: checking sys/time.h presence
configure:10830: gcc -E  conftest.c
configure:10830: $? = 0
configure:10830: result: yes
configure:10830: checking for sys/time.h
configure:10830: result: yes
configure:10839: checking for gettimeofday
configure:10839: gcc -o conftest -g -O2   conftest.c -lm  >&5
configure:10839: $? = 0
configure:10839: result: yes
configure:10847: checking whether to use GNU MP bignum library
configure:10857: result: no
configure:10861: checking whether to enable shared library support
configure:10884: result: no
configure:10901: checking whether to enable MathProg ODBC support
configure:10926: result: no
configure:10930: checking whether to enable MathProg MySQL support
configure:10945: result: no
configure:11069: creating ./config.status

## ---------------------- ##
## Running config.status. ##
## ---------------------- ##

This file was extended by GLPK config.status 4.47, which was
generated by GNU Autoconf 2.65.  Invocation command line was

  CONFIG_FILES    = 
  CONFIG_HEADERS  = 
  CONFIG_LINKS    = 
  CONFIG_COMMANDS = 
  $ ./config.status 

on lisa

config.status:1075: creating src/Makefile
config.status:1075: creating examples/Makefile
config.status:1075: creating Makefile
config.status:1075: creating config.h
config.status:1247: config.h is unchanged
config.status:1295: executing depfiles commands
config.status:1295: executing libtool commands

## ---------------- ##
## Cache variables. ##
## ---------------- ##

ac_cv_build=x86_64-unknown-linux-gnu
ac_cv_c_compiler_gnu=yes
ac_cv_env_CC_set=
ac_cv_env_CC_value=
ac_cv_env_CFLAGS_set=
ac_cv_env_CFLAGS_value=
ac_cv_env_CPPFLAGS_set=
ac_cv_env_CPPFLAGS_value=
ac_cv_env_CPP_set=
ac_cv_env_CPP_value=
ac_cv_env_LDFLAGS_set=
ac_cv_env_LDFLAGS_value=
ac_cv_env_LIBS_set=
ac_cv_env_LIBS_value=
ac_cv_env_build_alias_set=
ac_cv_env_build_alias_value=
ac_cv_env_host_alias_set=
ac_cv_env_host_alias_value=
ac_cv_env_target_alias_set=
ac_cv_env_target_alias_value=
ac_cv_func_gettimeofday=yes
ac_cv_header_dlfcn_h=yes
ac_cv_header_inttypes_h=yes
ac_cv_header_memory_h=yes
ac_cv_header_stdc=yes
ac_cv_header_stdint_h=yes
ac_cv_header_stdlib_h=yes
ac_cv_header_string_h=yes
ac_cv_header_strings_h=yes
ac_cv_header_sys_stat_h=yes
ac_cv_header_sys_time_h=yes
ac_cv_header_sys_types_h=yes
ac_cv_header_unistd_h=yes
ac_cv_host=x86_64-unknown-linux-gnu
ac_cv_lib_m_exp=yes
ac_cv_objext=o
ac_cv_path_EGREP='/bin/grep -E'
ac_cv_path_FGREP='/bin/grep -F'
ac_cv_path_GREP=/bin/grep
ac_cv_path_SED=/bin/sed
ac_cv_path_install='/usr/bin/install -c'
ac_cv_path_mkdir=/bin/mkdir
ac_cv_prog_AWK=gawk
ac_cv_prog_CPP='gcc -E'
ac_cv_prog_ac_ct_AR=ar
ac_cv_prog_ac_ct_CC=gcc
ac_cv_prog_ac_ct_OBJDUMP=objdump
ac_cv_prog_ac_ct_RANLIB=ranlib
ac_cv_prog_ac_ct_STRIP=strip
ac_cv_prog_cc_c89=
ac_cv_prog_cc_g=yes
ac_cv_prog_make_make_set=yes
am_cv_CC_dependencies_compiler_type=gcc3
lt_cv_archive_cmds_need_lc=no
lt_cv_deplibs_check_method=pass_all
lt_cv_file_magic_cmd='$MAGIC_CMD'
lt_cv_file_magic_test_file=
lt_cv_ld_reload_flag=-r
lt_cv_nm_interface='BSD nm'
lt_cv_objdir=.libs
lt_cv_path_LD=/usr/bin/ld
lt_cv_path_NM='/usr/bin/nm -B'
lt_cv_prog_compiler_c_o=yes
lt_cv_prog_compiler_pic_works=yes
lt_cv_prog_compiler_rtti_exceptions=no
lt_cv_prog_compiler_static_works=no
lt_cv_prog_gnu_ld=yes
lt_cv_sharedlib_from_linklib_cmd='printf %s\n'
lt_cv_shlibpath_overrides_runpath=no
lt_cv_sys_global_symbol_pipe='sed -n -e '\''s/^.*[	 ]\([ABCDGIRSTW][ABCDGIRSTW]*\)[	 ][	 ]*\([_A-Za-z][_A-Za-z0-9]*\)$/\1 \2 \2/p'\'''
lt_cv_sys_global_symbol_to_c_name_address='sed -n -e '\''s/^: \([^ ]*\)[ ]*$/  {\"\1\", (void *) 0},/p'\'' -e '\''s/^[ABCDGIRSTW]* \([^ ]*\) \([^ ]*\)$/  {"\2", (void *) \&\2},/p'\'''
lt_cv_sys_global_symbol_to_c_name_address_lib_prefix='sed -n -e '\''s/^: \([^ ]*\)[ ]*$/  {\"\1\", (void *) 0},/p'\'' -e '\''s/^[ABCDGIRSTW]* \([^ ]*\) \(lib[^ ]*\)$/  {"\2", (void *) \&\2},/p'\'' -e '\''s/^[ABCDGIRSTW]* \([^ ]*\) \([^ ]*\)$/  {"lib\2", (void *) \&\2},/p'\'''
lt_cv_sys_global_symbol_to_cdecl='sed -n -e '\''s/^T .* \(.*\)$/extern int \1();/p'\'' -e '\''s/^[ABCDGIRSTW]* .* \(.*\)$/extern char \1;/p'\'''
lt_cv_sys_max_cmd_len=1966080
lt_cv_to_host_path_cmd=func_noop_path_convert

## ----------------- ##
## Output variables. ##
## ----------------- ##

ACLOCAL='${SHELL} /cs/vml2/gza11/data/sun09/code_learn/toolbox/glpkmex/glpk/missing --run aclocal-1.11'
AMDEPBACKSLASH='\'
AMDEP_FALSE='#'
AMDEP_TRUE=''
AMTAR='${SHELL} /cs/vml2/gza11/data/sun09/code_learn/toolbox/glpkmex/glpk/missing --run tar'
AR='ar'
AUTOCONF='${SHELL} /cs/vml2/gza11/data/sun09/code_learn/toolbox/glpkmex/glpk/missing --run autoconf'
AUTOHEADER='${SHELL} /cs/vml2/gza11/data/sun09/code_learn/toolbox/glpkmex/glpk/missing --run autoheader'
AUTOMAKE='${SHELL} /cs/vml2/gza11/data/sun09/code_learn/toolbox/glpkmex/glpk/missing --run automake-1.11'
AWK='gawk'
CC='gcc'
CCDEPMODE='depmode=gcc3'
CFLAGS='-g -O2'
CPP='gcc -E'
CPPFLAGS=''
CYGPATH_W='echo'
DEFS='-DHAVE_CONFIG_H'
DEPDIR='.deps'
DLLTOOL='false'
DSYMUTIL=''
DUMPBIN=''
ECHO_C=''
ECHO_N='-n'
ECHO_T=''
EGREP='/bin/grep -E'
EXEEXT=''
FGREP='/bin/grep -F'
GREP='/bin/grep'
INSTALL_DATA='${INSTALL} -m 644'
INSTALL_PROGRAM='${INSTALL}'
INSTALL_SCRIPT='${INSTALL}'
INSTALL_STRIP_PROGRAM='$(install_sh) -c -s'
LD='/usr/bin/ld -m elf_x86_64'
LDFLAGS=''
LIBOBJS=''
LIBS='-lm '
LIBTOOL='$(SHELL) $(top_builddir)/libtool'
LIPO=''
LN_S='ln -s'
LTLIBOBJS=''
MAKEINFO='${SHELL} /cs/vml2/gza11/data/sun09/code_learn/toolbox/glpkmex/glpk/missing --run makeinfo'
MKDIR_P='/bin/mkdir -p'
NM='/usr/bin/nm -B'
NMEDIT=''
OBJDUMP='objdump'
OBJEXT='o'
OTOOL64=''
OTOOL=''
PACKAGE='glpk'
PACKAGE_BUGREPORT='bug-glpk@gnu.org'
PACKAGE_NAME='GLPK'
PACKAGE_STRING='GLPK 4.47'
PACKAGE_TARNAME='glpk'
PACKAGE_URL=''
PACKAGE_VERSION='4.47'
PATH_SEPARATOR=':'
RANLIB='ranlib'
SED='/bin/sed'
SET_MAKE=''
SHELL='/bin/sh'
STRIP='strip'
VERSION='4.47'
ac_ct_CC='gcc'
ac_ct_DUMPBIN=''
am__EXEEXT_FALSE=''
am__EXEEXT_TRUE='#'
am__fastdepCC_FALSE='#'
am__fastdepCC_TRUE=''
am__include='include'
am__isrc=''
am__leading_dot='.'
am__quote=''
am__tar='${AMTAR} chof - "$$tardir"'
am__untar='${AMTAR} xf -'
bindir='${exec_prefix}/bin'
build='x86_64-unknown-linux-gnu'
build_alias=''
build_cpu='x86_64'
build_os='linux-gnu'
build_vendor='unknown'
datadir='${datarootdir}'
datarootdir='${prefix}/share'
docdir='${datarootdir}/doc/${PACKAGE_TARNAME}'
dvidir='${docdir}'
exec_prefix='${prefix}'
host='x86_64-unknown-linux-gnu'
host_alias=''
host_cpu='x86_64'
host_os='linux-gnu'
host_vendor='unknown'
htmldir='${docdir}'
includedir='${prefix}/include'
infodir='${datarootdir}/info'
install_sh='${SHELL} /cs/vml2/gza11/data/sun09/code_learn/toolbox/glpkmex/glpk/install-sh'
libdir='${exec_prefix}/lib'
libexecdir='${exec_prefix}/libexec'
localedir='${datarootdir}/locale'
localstatedir='${prefix}/var'
mandir='${datarootdir}/man'
mkdir_p='/bin/mkdir -p'
oldincludedir='/usr/include'
pdfdir='${docdir}'
prefix='/cs/vml2/gza11/data/sun09/code_learn/toolbox/glpkmex/glpk/output'
program_transform_name='s,x,x,'
psdir='${docdir}'
sbindir='${exec_prefix}/sbin'
sharedstatedir='${prefix}/com'
sysconfdir='${prefix}/etc'
target_alias=''
to_host_path_cmd='func_noop_path_convert'

## ----------- ##
## confdefs.h. ##
## ----------- ##

/* confdefs.h */
#define PACKAGE_NAME "GLPK"
#define PACKAGE_TARNAME "glpk"
#define PACKAGE_VERSION "4.47"
#define PACKAGE_STRING "GLPK 4.47"
#define PACKAGE_BUGREPORT "bug-glpk@gnu.org"
#define PACKAGE_URL ""
#define PACKAGE "glpk"
#define VERSION "4.47"
#define STDC_HEADERS 1
#define HAVE_SYS_TYPES_H 1
#define HAVE_SYS_STAT_H 1
#define HAVE_STDLIB_H 1
#define HAVE_STRING_H 1
#define HAVE_MEMORY_H 1
#define HAVE_STRINGS_H 1
#define HAVE_INTTYPES_H 1
#define HAVE_STDINT_H 1
#define HAVE_UNISTD_H 1
#define HAVE_DLFCN_H 1
#define LT_OBJDIR ".libs/"
#define HAVE_LIBM 1
#define HAVE_SYS_TIME_H 1
#define HAVE_GETTIMEOFDAY 1

configure: exit 0
